# JRE version: Java(TM) SE Runtime Environment (8.0-b132) (build 1.8.0-b132)
# Java VM: Java HotSpot(TM) 64-Bit Server VM (25.0-b70 mixed mode bsd-amd64 compressed oops)
Heap:
 PSYoungGen      total 3072K, used 1961K [0x00000007b5580000, 0x00000007b5980000, 0x00000007c0000000)
  eden space 2048K, 59% used [0x00000007b5580000,0x00000007b56ae5b8,0x00000007b5780000)
  from space 1024K, 73% used [0x00000007b5880000,0x00000007b593c010,0x00000007b5980000)
  to   space 1024K, 0% used [0x00000007b5780000,0x00000007b5780000,0x00000007b5880000)
 ParOldGen       total 31232K, used 645K [0x00000007a0000000, 0x00000007a1e80000, 0x00000007b5580000)
  object space 31232K, 2% used [0x00000007a0000000,0x00000007a00a1738,0x00000007a1e80000)
 Metaspace       used 5314K, capacity 5723K, committed 6016K, reserved 1056768K
  class space    used 536K, capacity 560K, committed 640K, reserved 1048576K
GC Heap History (10 events):
Event: 1.074 GC heap before
{Heap before GC invocations=2 (full 0):
 PSYoungGen      total 1024K, used 928K [0x00000007b5580000, 0x00000007b5700000, 0x00000007c0000000)
  eden space 512K, 100% used [0x00000007b5580000,0x00000007b5600000,0x00000007b5600000)
  from space 512K, 81% used [0x00000007b5600000,0x00000007b5668020,0x00000007b5680000)
  to   space 512K, 0% used [0x00000007b5680000,0x00000007b5680000,0x00000007b5700000)
 ParOldGen       total 31232K, used 8K [0x00000007a0000000, 0x00000007a1e80000, 0x00000007b5580000)
  object space 31232K, 0% used [0x00000007a0000000,0x00000007a0002000,0x00000007a1e80000)
 Metaspace       used 2751K, capacity 4486K, committed 4864K, reserved 1056768K
  class space    used 298K, capacity 386K, committed 512K, reserved 1048576K
Event: 1.080 GC heap after
Heap after GC invocations=2 (full 0):
 PSYoungGen      total 1024K, used 496K [0x00000007b5580000, 0x00000007b5780000, 0x00000007c0000000)
  eden space 512K, 0% used [0x00000007b5580000,0x00000007b5580000,0x00000007b5600000)
  from space 512K, 96% used [0x00000007b5680000,0x00000007b56fc010,0x00000007b5700000)
  to   space 512K, 0% used [0x00000007b5600000,0x00000007b5600000,0x00000007b5680000)
 ParOldGen       total 31232K, used 40K [0x00000007a0000000, 0x00000007a1e80000, 0x00000007b5580000)
  object space 31232K, 0% used [0x00000007a0000000,0x00000007a000a000,0x00000007a1e80000)
 Metaspace       used 2751K, capacity 4486K, committed 4864K, reserved 1056768K
  class space    used 298K, capacity 386K, committed 512K, reserved 1048576K
}
Event: 1.450 GC heap before
{Heap before GC invocations=3 (full 0):
 PSYoungGen      total 1024K, used 1008K [0x00000007b5580000, 0x00000007b5780000, 0x00000007c0000000)
  eden space 512K, 100% used [0x00000007b5580000,0x00000007b5600000,0x00000007b5600000)
  from space 512K, 96% used [0x00000007b5680000,0x00000007b56fc010,0x00000007b5700000)
  to   space 512K, 0% used [0x00000007b5600000,0x00000007b5600000,0x00000007b5680000)
 ParOldGen       total 31232K, used 40K [0x00000007a0000000, 0x00000007a1e80000, 0x00000007b5580000)
  object space 31232K, 0% used [0x00000007a0000000,0x00000007a000a000,0x00000007a1e80000)
 Metaspace       used 3036K, capacity 4664K, committed 4864K, reserved 1056768K
  class space    used 329K, capacity 424K, committed 512K, reserved 1048576K
Event: 1.453 GC heap after
Heap after GC invocations=3 (full 0):
 PSYoungGen      total 1024K, used 496K [0x00000007b5580000, 0x00000007b5780000, 0x00000007c0000000)
  eden space 512K, 0% used [0x00000007b5580000,0x00000007b5580000,0x00000007b5600000)
  from space 512K, 96% used [0x00000007b5600000,0x00000007b567c010,0x00000007b5680000)
  to   space 512K, 0% used [0x00000007b5700000,0x00000007b5700000,0x00000007b5780000)
 ParOldGen       total 31232K, used 166K [0x00000007a0000000, 0x00000007a1e80000, 0x00000007b5580000)
  object space 31232K, 0% used [0x00000007a0000000,0x00000007a0029928,0x00000007a1e80000)
 Metaspace       used 3036K, capacity 4664K, committed 4864K, reserved 1056768K
  class space    used 329K, capacity 424K, committed 512K, reserved 1048576K
}
Event: 3.460 GC heap before
{Heap before GC invocations=4 (full 0):
 PSYoungGen      total 1024K, used 1008K [0x00000007b5580000, 0x00000007b5780000, 0x00000007c0000000)
  eden space 512K, 100% used [0x00000007b5580000,0x00000007b5600000,0x00000007b5600000)
  from space 512K, 96% used [0x00000007b5600000,0x00000007b567c010,0x00000007b5680000)
  to   space 512K, 0% used [0x00000007b5700000,0x00000007b5700000,0x00000007b5780000)
 ParOldGen       total 31232K, used 166K [0x00000007a0000000, 0x00000007a1e80000, 0x00000007b5580000)
  object space 31232K, 0% used [0x00000007a0000000,0x00000007a0029928,0x00000007a1e80000)
 Metaspace       used 3940K, capacity 4768K, committed 4864K, reserved 1056768K
  class space    used 439K, capacity 464K, committed 512K, reserved 1048576K
Event: 3.477 GC heap after
Heap after GC invocations=4 (full 0):
 PSYoungGen      total 1536K, used 512K [0x00000007b5580000, 0x00000007b5780000, 0x00000007c0000000)
  eden space 1024K, 0% used [0x00000007b5580000,0x00000007b5580000,0x00000007b5680000)
  from space 512K, 100% used [0x00000007b5700000,0x00000007b5780000,0x00000007b5780000)
  to   space 512K, 0% used [0x00000007b5680000,0x00000007b5680000,0x00000007b5700000)
 ParOldGen       total 31232K, used 274K [0x00000007a0000000, 0x00000007a1e80000, 0x00000007b5580000)
  object space 31232K, 0% used [0x00000007a0000000,0x00000007a00449c0,0x00000007a1e80000)
 Metaspace       used 3940K, capacity 4768K, committed 4864K, reserved 1056768K
  class space    used 439K, capacity 464K, committed 512K, reserved 1048576K
}
Event: 3.616 GC heap before
{Heap before GC invocations=5 (full 0):
 PSYoungGen      total 1536K, used 1402K [0x00000007b5580000, 0x00000007b5780000, 0x00000007c0000000)
  eden space 1024K, 86% used [0x00000007b5580000,0x00000007b565e8e0,0x00000007b5680000)
  from space 512K, 100% used [0x00000007b5700000,0x00000007b5780000,0x00000007b5780000)
  to   space 512K, 0% used [0x00000007b5680000,0x00000007b5680000,0x00000007b5700000)
 ParOldGen       total 31232K, used 274K [0x00000007a0000000, 0x00000007a1e80000, 0x00000007b5580000)
  object space 31232K, 0% used [0x00000007a0000000,0x00000007a00449c0,0x00000007a1e80000)
 Metaspace       used 4162K, capacity 4928K, committed 5120K, reserved 1056768K
  class space    used 464K, capacity 496K, committed 512K, reserved 1048576K
Event: 3.619 GC heap after
Heap after GC invocations=5 (full 0):
 PSYoungGen      total 1536K, used 511K [0x00000007b5580000, 0x00000007b5980000, 0x00000007c0000000)
  eden space 1024K, 0% used [0x00000007b5580000,0x00000007b5580000,0x00000007b5680000)
  from space 512K, 99% used [0x00000007b5680000,0x00000007b56ffc10,0x00000007b5700000)
  to   space 1024K, 0% used [0x00000007b5880000,0x00000007b5880000,0x00000007b5980000)
 ParOldGen       total 31232K, used 645K [0x00000007a0000000, 0x00000007a1e80000, 0x00000007b5580000)
  object space 31232K, 2% used [0x00000007a0000000,0x00000007a00a1738,0x00000007a1e80000)
 Metaspace       used 4162K, capacity 4928K, committed 5120K, reserved 1056768K
  class space    used 464K, capacity 496K, committed 512K, reserved 1048576K
}
Event: 4.249 GC heap before
{Heap before GC invocations=6 (full 0):
 PSYoungGen      total 1536K, used 1535K [0x00000007b5580000, 0x00000007b5980000, 0x00000007c0000000)
  eden space 1024K, 100% used [0x00000007b5580000,0x00000007b5680000,0x00000007b5680000)
  from space 512K, 99% used [0x00000007b5680000,0x00000007b56ffc10,0x00000007b5700000)
  to   space 1024K, 0% used [0x00000007b5880000,0x00000007b5880000,0x00000007b5980000)
 ParOldGen       total 31232K, used 645K [0x00000007a0000000, 0x00000007a1e80000, 0x00000007b5580000)
  object space 31232K, 2% used [0x00000007a0000000,0x00000007a00a1738,0x00000007a1e80000)
 Metaspace       used 4760K, capacity 5499K, committed 5760K, reserved 1056768K
  class space    used 475K, capacity 528K, committed 640K, reserved 1048576K
Event: 4.264 GC heap after
Heap after GC invocations=6 (full 0):
 PSYoungGen      total 3072K, used 752K [0x00000007b5580000, 0x00000007b5980000, 0x00000007c0000000)
  eden space 2048K, 0% used [0x00000007b5580000,0x00000007b5580000,0x00000007b5780000)
  from space 1024K, 73% used [0x00000007b5880000,0x00000007b593c010,0x00000007b5980000)
  to   space 1024K, 0% used [0x00000007b5780000,0x00000007b5780000,0x00000007b5880000)
 ParOldGen       total 31232K, used 645K [0x00000007a0000000, 0x00000007a1e80000, 0x00000007b5580000)
  object space 31232K, 2% used [0x00000007a0000000,0x00000007a00a1738,0x00000007a1e80000)
 Metaspace       used 4760K, capacity 5499K, committed 5760K, reserved 1056768K
  class space    used 475K, capacity 528K, committed 640K, reserved 1048576K
}

